<?xml version="1.0" encoding="UTF-8"?>
<testng-results skipped="0" failed="0" ignored="0" total="3" passed="3">
  <reporter-output>
  </reporter-output>
  <suite name="homeScreenTest" duration-ms="105496" started-at="2018-08-05T14:16:30Z" finished-at="2018-08-05T14:18:16Z">
    <groups>
    </groups>
    <test name="Command line test" duration-ms="105496" started-at="2018-08-05T14:16:30Z" finished-at="2018-08-05T14:18:16Z">
      <class name="homeScreenTest">
        <test-method status="PASS" signature="setUp()[pri:0, instance:homeScreenTest@47f6473]" name="setUp" is-config="true" duration-ms="83819" started-at="2018-08-05T14:16:30Z" finished-at="2018-08-05T14:17:54Z">
          <reporter-output>
          </reporter-output>
        </test-method> <!-- setUp -->
        <test-method status="PASS" signature="agreePrivacy()[pri:0, instance:homeScreenTest@47f6473]" name="agreePrivacy" duration-ms="6283" started-at="2018-08-05T14:17:54Z" finished-at="2018-08-05T14:18:00Z">
          <reporter-output>
          </reporter-output>
        </test-method> <!-- agreePrivacy -->
        <test-method status="PASS" signature="testActionBars()[pri:0, instance:homeScreenTest@47f6473]" name="testActionBars" duration-ms="5964" started-at="2018-08-05T14:18:00Z" finished-at="2018-08-05T14:18:06Z">
          <reporter-output>
          </reporter-output>
        </test-method> <!-- testActionBars -->
        <test-method status="PASS" signature="testUnivNavBar()[pri:0, instance:homeScreenTest@47f6473]" name="testUnivNavBar" duration-ms="9413" started-at="2018-08-05T14:18:06Z" finished-at="2018-08-05T14:18:16Z">
          <reporter-output>
          </reporter-output>
        </test-method> <!-- testUnivNavBar -->
        <test-method status="PASS" signature="tearDown()[pri:0, instance:homeScreenTest@47f6473]" name="tearDown" is-config="true" duration-ms="1" started-at="2018-08-05T14:18:16Z" finished-at="2018-08-05T14:18:16Z">
          <reporter-output>
          </reporter-output>
        </test-method> <!-- tearDown -->
      </class> <!-- homeScreenTest -->
    </test> <!-- Command line test -->
  </suite> <!-- homeScreenTest -->
</testng-results>
